{
"contracts/NftCollection.sol":{"l":{"27":81,"28":78,"29":78,"30":78,"37":35},"path":"/mnt/c/Users/Charles/Desktop/vrac/4th_project/backend/contracts/NftCollection.sol","s":{"1":81,"2":78,"3":78,"4":35},"b":{"1":[78,3]},"f":{"1":164,"2":81,"3":35},"fnMap":{"1":{"name":"constructor","line":20,"loc":{"start":{"line":20,"column":4},"end":{"line":22,"column":4}}},"2":{"name":"mintItem","line":26,"loc":{"start":{"line":26,"column":4},"end":{"line":31,"column":4}}},"3":{"name":"changeNftOwner","line":36,"loc":{"start":{"line":36,"column":4},"end":{"line":38,"column":4}}}},"statementMap":{"1":{"start":{"line":27,"column":8},"end":{"line":27,"column":79}},"2":{"start":{"line":28,"column":8},"end":{"line":28,"column":37}},"3":{"start":{"line":29,"column":8},"end":{"line":29,"column":43}},"4":{"start":{"line":37,"column":8},"end":{"line":37,"column":55}}},"branchMap":{"1":{"line":27,"type":"if","locations":[{"start":{"line":27,"column":8},"end":{"line":27,"column":8}},{"start":{"line":27,"column":8},"end":{"line":27,"column":8}}]}}},
"contracts/NftCollectionFactory.sol":{"l":{"33":84,"34":81,"35":80,"36":80,"38":80,"44":80,"45":80,"46":80,"47":80,"48":80,"49":80,"50":80,"51":80,"59":80,"61":80},"path":"/mnt/c/Users/Charles/Desktop/vrac/4th_project/backend/contracts/NftCollectionFactory.sol","s":{"1":84,"2":81,"3":80,"4":80,"5":80,"6":80,"7":80,"8":80,"9":80,"10":80},"b":{"1":[81,3],"2":[80,1]},"f":{"1":84,"2":80},"fnMap":{"1":{"name":"createNFTCollection","line":32,"loc":{"start":{"line":32,"column":4},"end":{"line":52,"column":6}}},"2":{"name":"getCreationBytecode","line":58,"loc":{"start":{"line":58,"column":4},"end":{"line":62,"column":4}}}},"statementMap":{"1":{"start":{"line":33,"column":8},"end":{"line":33,"column":129}},"2":{"start":{"line":34,"column":8},"end":{"line":34,"column":99}},"3":{"start":{"line":35,"column":8},"end":{"line":35,"column":89}},"4":{"start":{"line":36,"column":8},"end":{"line":36,"column":63}},"5":{"start":{"line":44,"column":8},"end":{"line":44,"column":69}},"6":{"start":{"line":49,"column":8},"end":{"line":49,"column":45}},"7":{"start":{"line":50,"column":8},"end":{"line":50,"column":97}},"8":{"start":{"line":51,"column":8},"end":{"line":51,"column":34}},"9":{"start":{"line":59,"column":6},"end":{"line":59,"column":72}},"10":{"start":{"line":61,"column":6},"end":{"line":61,"column":97}}},"branchMap":{"1":{"line":33,"type":"if","locations":[{"start":{"line":33,"column":8},"end":{"line":33,"column":8}},{"start":{"line":33,"column":8},"end":{"line":33,"column":8}}]},"2":{"line":34,"type":"if","locations":[{"start":{"line":34,"column":8},"end":{"line":34,"column":8}},{"start":{"line":34,"column":8},"end":{"line":34,"column":8}}]}}},
"contracts/NftMarketplace.sol":{"l":{"64":83,"65":80,"66":80,"67":78,"68":78,"78":78,"90":39,"91":38,"92":37,"93":36,"94":36,"95":35,"97":35,"98":35,"99":35,"111":6,"112":4,"113":2,"114":2,"120":8,"121":7,"122":5,"123":3,"124":2,"125":2,"126":2,"127":2,"128":2,"129":2,"130":2},"path":"/mnt/c/Users/Charles/Desktop/vrac/4th_project/backend/contracts/NftMarketplace.sol","s":{"1":83,"2":80,"3":80,"4":78,"5":78,"6":39,"7":38,"8":37,"9":36,"10":36,"11":35,"12":35,"13":6,"14":4,"15":8,"16":7,"17":5,"18":3,"19":2,"20":2,"21":2,"22":2},"b":{"1":[83,0],"2":[80,3],"3":[39,0],"4":[38,1],"5":[37,1],"6":[36,1],"7":[35,1],"8":[6,0],"9":[4,2],"10":[2,2],"11":[8,0],"12":[7,1],"13":[5,2],"14":[3,2],"15":[2,1]},"f":{"1":84,"2":83,"3":39,"4":6,"5":8},"fnMap":{"1":{"name":"constructor","line":55,"loc":{"start":{"line":55,"column":4},"end":{"line":57,"column":4}}},"2":{"name":"createNFT","line":63,"loc":{"start":{"line":63,"column":4},"end":{"line":84,"column":4}}},"3":{"name":"listNFT","line":89,"loc":{"start":{"line":89,"column":4},"end":{"line":106,"column":4}}},"4":{"name":"cancelListing","line":110,"loc":{"start":{"line":110,"column":4},"end":{"line":115,"column":4}}},"5":{"name":"BuyNFT","line":119,"loc":{"start":{"line":119,"column":4},"end":{"line":138,"column":4}}}},"statementMap":{"1":{"start":{"line":64,"column":8},"end":{"line":64,"column":177}},"2":{"start":{"line":65,"column":8},"end":{"line":65,"column":59}},"3":{"start":{"line":66,"column":8},"end":{"line":66,"column":28}},"4":{"start":{"line":67,"column":8},"end":{"line":67,"column":26}},"5":{"start":{"line":78,"column":8},"end":{"line":78,"column":2239}},"6":{"start":{"line":90,"column":8},"end":{"line":90,"column":68}},"7":{"start":{"line":91,"column":8},"end":{"line":91,"column":85}},"8":{"start":{"line":92,"column":8},"end":{"line":92,"column":67}},"9":{"start":{"line":93,"column":8},"end":{"line":93,"column":73}},"10":{"start":{"line":94,"column":8},"end":{"line":94,"column":3024}},"11":{"start":{"line":95,"column":12},"end":{"line":95,"column":66}},"12":{"start":{"line":99,"column":8},"end":{"line":99,"column":3249}},"13":{"start":{"line":111,"column":8},"end":{"line":111,"column":82}},"14":{"start":{"line":112,"column":8},"end":{"line":112,"column":108}},"15":{"start":{"line":120,"column":8},"end":{"line":120,"column":81}},"16":{"start":{"line":121,"column":8},"end":{"line":121,"column":85}},"17":{"start":{"line":122,"column":8},"end":{"line":122,"column":57}},"18":{"start":{"line":123,"column":8},"end":{"line":123,"column":81}},"19":{"start":{"line":124,"column":8},"end":{"line":124,"column":73}},"20":{"start":{"line":125,"column":8},"end":{"line":125,"column":76}},"21":{"start":{"line":126,"column":8},"end":{"line":126,"column":66}},"22":{"start":{"line":130,"column":8},"end":{"line":130,"column":4817}}},"branchMap":{"1":{"line":63,"type":"if","locations":[{"start":{"line":63,"column":105},"end":{"line":63,"column":105}},{"start":{"line":63,"column":105},"end":{"line":63,"column":105}}]},"2":{"line":64,"type":"if","locations":[{"start":{"line":64,"column":8},"end":{"line":64,"column":8}},{"start":{"line":64,"column":8},"end":{"line":64,"column":8}}]},"3":{"line":89,"type":"if","locations":[{"start":{"line":89,"column":57},"end":{"line":89,"column":57}},{"start":{"line":89,"column":57},"end":{"line":89,"column":57}}]},"4":{"line":90,"type":"if","locations":[{"start":{"line":90,"column":8},"end":{"line":90,"column":8}},{"start":{"line":90,"column":8},"end":{"line":90,"column":8}}]},"5":{"line":91,"type":"if","locations":[{"start":{"line":91,"column":8},"end":{"line":91,"column":8}},{"start":{"line":91,"column":8},"end":{"line":91,"column":8}}]},"6":{"line":92,"type":"if","locations":[{"start":{"line":92,"column":8},"end":{"line":92,"column":8}},{"start":{"line":92,"column":8},"end":{"line":92,"column":8}}]},"7":{"line":94,"type":"if","locations":[{"start":{"line":94,"column":8},"end":{"line":94,"column":8}},{"start":{"line":94,"column":8},"end":{"line":94,"column":8}}]},"8":{"line":110,"type":"if","locations":[{"start":{"line":110,"column":51},"end":{"line":110,"column":51}},{"start":{"line":110,"column":51},"end":{"line":110,"column":51}}]},"9":{"line":111,"type":"if","locations":[{"start":{"line":111,"column":8},"end":{"line":111,"column":8}},{"start":{"line":111,"column":8},"end":{"line":111,"column":8}}]},"10":{"line":112,"type":"if","locations":[{"start":{"line":112,"column":8},"end":{"line":112,"column":8}},{"start":{"line":112,"column":8},"end":{"line":112,"column":8}}]},"11":{"line":119,"type":"if","locations":[{"start":{"line":119,"column":51},"end":{"line":119,"column":51}},{"start":{"line":119,"column":51},"end":{"line":119,"column":51}}]},"12":{"line":120,"type":"if","locations":[{"start":{"line":120,"column":8},"end":{"line":120,"column":8}},{"start":{"line":120,"column":8},"end":{"line":120,"column":8}}]},"13":{"line":121,"type":"if","locations":[{"start":{"line":121,"column":8},"end":{"line":121,"column":8}},{"start":{"line":121,"column":8},"end":{"line":121,"column":8}}]},"14":{"line":122,"type":"if","locations":[{"start":{"line":122,"column":8},"end":{"line":122,"column":8}},{"start":{"line":122,"column":8},"end":{"line":122,"column":8}}]},"15":{"line":123,"type":"if","locations":[{"start":{"line":123,"column":8},"end":{"line":123,"column":8}},{"start":{"line":123,"column":8},"end":{"line":123,"column":8}}]}}},
"contracts/Openzeppelin/ERC721.sol":{"l":{"45":164,"46":164,"53":0,"63":1,"64":1,"71":111,"72":111,"73":111,"80":0,"87":0,"94":0,"96":0,"97":0,"106":0,"113":0,"114":0,"116":0,"121":0,"128":0,"130":0,"137":0,"144":0,"152":0,"154":0,"161":2,"168":2,"169":2,"191":2,"192":2,"199":345,"211":234,"222":2,"223":2,"237":0,"245":0,"246":0,"265":78,"266":78,"268":78,"271":78,"273":78,"278":78,"281":78,"283":78,"285":78,"300":0,"302":0,"305":0,"308":0,"310":0,"313":0,"315":0,"317":0,"319":0,"334":37,"335":36,"337":36,"340":36,"343":36,"345":36,"351":36,"352":36,"354":36,"356":36,"358":36,"367":0,"368":0,"377":0,"378":0,"379":0,"386":0,"405":2,"406":0,"407":0,"409":0,"410":0,"413":0,"419":2,"443":114,"444":0,"445":0,"447":0,"448":0},"path":"/mnt/c/Users/Charles/Desktop/vrac/4th_project/backend/contracts/Openzeppelin/ERC721.sol","s":{"1":0,"2":1,"3":1,"4":111,"5":111,"6":111,"7":0,"8":0,"9":0,"10":0,"11":0,"12":0,"13":0,"14":0,"15":0,"16":0,"17":0,"18":0,"19":0,"20":0,"21":0,"22":0,"23":2,"24":2,"25":2,"26":2,"27":2,"28":345,"29":234,"30":2,"31":2,"32":0,"33":0,"34":0,"35":78,"36":78,"37":78,"38":78,"39":78,"40":78,"41":0,"42":0,"43":0,"44":0,"45":37,"46":36,"47":36,"48":36,"49":36,"50":36,"51":0,"52":0,"53":0,"54":0,"55":2,"56":0,"57":0,"58":0,"59":0,"60":2,"61":114,"62":0,"63":0},"b":{"1":[0,0],"2":[0,0],"3":[1,0],"4":[111,0],"5":[0,0],"6":[0,0],"7":[0,0],"8":[0,0],"9":[0,0],"10":[2,0],"11":[2,0],"12":[2,0],"13":[0,0],"14":[0,0],"15":[78,0],"16":[78,0],"17":[78,0],"18":[36,1],"19":[36,0],"20":[36,0],"21":[0,0],"22":[0,0],"23":[0,2],"24":[0,0],"25":[0,114],"26":[0,0],"27":[0,0]},"f":{"1":164,"2":0,"3":1,"4":111,"5":0,"6":0,"7":0,"8":0,"9":0,"10":0,"11":0,"12":0,"13":0,"14":2,"15":2,"16":2,"17":345,"18":234,"19":2,"20":0,"21":0,"22":78,"23":0,"24":37,"25":0,"26":0,"27":0,"28":2,"29":114,"30":114},"fnMap":{"1":{"name":"constructor","line":44,"loc":{"start":{"line":44,"column":4},"end":{"line":47,"column":4}}},"2":{"name":"supportsInterface","line":52,"loc":{"start":{"line":52,"column":4},"end":{"line":57,"column":4}}},"3":{"name":"balanceOf","line":62,"loc":{"start":{"line":62,"column":4},"end":{"line":65,"column":4}}},"4":{"name":"ownerOf","line":70,"loc":{"start":{"line":70,"column":4},"end":{"line":74,"column":4}}},"5":{"name":"name","line":79,"loc":{"start":{"line":79,"column":4},"end":{"line":81,"column":4}}},"6":{"name":"symbol","line":86,"loc":{"start":{"line":86,"column":4},"end":{"line":88,"column":4}}},"7":{"name":"tokenURI","line":93,"loc":{"start":{"line":93,"column":4},"end":{"line":98,"column":4}}},"8":{"name":"_baseURI","line":105,"loc":{"start":{"line":105,"column":4},"end":{"line":107,"column":4}}},"9":{"name":"approve","line":112,"loc":{"start":{"line":112,"column":4},"end":{"line":122,"column":4}}},"10":{"name":"getApproved","line":127,"loc":{"start":{"line":127,"column":4},"end":{"line":131,"column":4}}},"11":{"name":"setApprovalForAll","line":136,"loc":{"start":{"line":136,"column":4},"end":{"line":138,"column":4}}},"12":{"name":"isApprovedForAll","line":143,"loc":{"start":{"line":143,"column":4},"end":{"line":145,"column":4}}},"13":{"name":"transferFrom","line":150,"loc":{"start":{"line":150,"column":4},"end":{"line":155,"column":4}}},"14":{"name":"safeTransferFrom","line":160,"loc":{"start":{"line":160,"column":4},"end":{"line":162,"column":4}}},"15":{"name":"safeTransferFrom","line":167,"loc":{"start":{"line":167,"column":4},"end":{"line":170,"column":4}}},"16":{"name":"_safeTransfer","line":190,"loc":{"start":{"line":190,"column":4},"end":{"line":193,"column":4}}},"17":{"name":"_ownerOf","line":198,"loc":{"start":{"line":198,"column":4},"end":{"line":200,"column":4}}},"18":{"name":"_exists","line":210,"loc":{"start":{"line":210,"column":4},"end":{"line":212,"column":4}}},"19":{"name":"_isApprovedOrOwner","line":221,"loc":{"start":{"line":221,"column":4},"end":{"line":224,"column":4}}},"20":{"name":"_safeMint","line":236,"loc":{"start":{"line":236,"column":4},"end":{"line":238,"column":4}}},"21":{"name":"_safeMint","line":244,"loc":{"start":{"line":244,"column":4},"end":{"line":250,"column":4}}},"22":{"name":"_mint","line":264,"loc":{"start":{"line":264,"column":4},"end":{"line":286,"column":4}}},"23":{"name":"_burn","line":299,"loc":{"start":{"line":299,"column":4},"end":{"line":320,"column":4}}},"24":{"name":"_transfer","line":333,"loc":{"start":{"line":333,"column":4},"end":{"line":359,"column":4}}},"25":{"name":"_approve","line":366,"loc":{"start":{"line":366,"column":4},"end":{"line":369,"column":4}}},"26":{"name":"_setApprovalForAll","line":376,"loc":{"start":{"line":376,"column":4},"end":{"line":380,"column":4}}},"27":{"name":"_requireMinted","line":385,"loc":{"start":{"line":385,"column":4},"end":{"line":387,"column":4}}},"28":{"name":"_checkOnERC721Received","line":399,"loc":{"start":{"line":399,"column":4},"end":{"line":421,"column":4}}},"29":{"name":"_beforeTokenTransfer","line":437,"loc":{"start":{"line":437,"column":4},"end":{"line":451,"column":4}}},"30":{"name":"_afterTokenTransfer","line":467,"loc":{"start":{"line":467,"column":4},"end":{"line":467,"column":118}}}},"statementMap":{"1":{"start":{"line":53,"column":8},"end":{"line":53,"column":1968}},"2":{"start":{"line":63,"column":8},"end":{"line":63,"column":80}},"3":{"start":{"line":64,"column":8},"end":{"line":64,"column":31}},"4":{"start":{"line":71,"column":8},"end":{"line":71,"column":41}},"5":{"start":{"line":72,"column":8},"end":{"line":72,"column":63}},"6":{"start":{"line":73,"column":8},"end":{"line":73,"column":20}},"7":{"start":{"line":80,"column":8},"end":{"line":80,"column":20}},"8":{"start":{"line":87,"column":8},"end":{"line":87,"column":22}},"9":{"start":{"line":94,"column":8},"end":{"line":94,"column":30}},"10":{"start":{"line":96,"column":8},"end":{"line":96,"column":42}},"11":{"start":{"line":97,"column":8},"end":{"line":97,"column":101}},"12":{"start":{"line":106,"column":8},"end":{"line":106,"column":17}},"13":{"start":{"line":113,"column":8},"end":{"line":113,"column":47}},"14":{"start":{"line":114,"column":8},"end":{"line":114,"column":64}},"15":{"start":{"line":116,"column":8},"end":{"line":116,"column":3968}},"16":{"start":{"line":121,"column":8},"end":{"line":121,"column":28}},"17":{"start":{"line":128,"column":8},"end":{"line":128,"column":30}},"18":{"start":{"line":130,"column":8},"end":{"line":130,"column":39}},"19":{"start":{"line":137,"column":8},"end":{"line":137,"column":59}},"20":{"start":{"line":144,"column":8},"end":{"line":144,"column":50}},"21":{"start":{"line":152,"column":8},"end":{"line":152,"column":106}},"22":{"start":{"line":154,"column":8},"end":{"line":154,"column":35}},"23":{"start":{"line":161,"column":8},"end":{"line":161,"column":46}},"24":{"start":{"line":168,"column":8},"end":{"line":168,"column":106}},"25":{"start":{"line":169,"column":8},"end":{"line":169,"column":45}},"26":{"start":{"line":191,"column":8},"end":{"line":191,"column":35}},"27":{"start":{"line":192,"column":8},"end":{"line":192,"column":117}},"28":{"start":{"line":199,"column":8},"end":{"line":199,"column":31}},"29":{"start":{"line":211,"column":8},"end":{"line":211,"column":46}},"30":{"start":{"line":222,"column":8},"end":{"line":222,"column":47}},"31":{"start":{"line":223,"column":8},"end":{"line":223,"column":104}},"32":{"start":{"line":237,"column":8},"end":{"line":237,"column":33}},"33":{"start":{"line":245,"column":8},"end":{"line":245,"column":25}},"34":{"start":{"line":246,"column":8},"end":{"line":246,"column":8879}},"35":{"start":{"line":265,"column":8},"end":{"line":265,"column":68}},"36":{"start":{"line":266,"column":8},"end":{"line":266,"column":65}},"37":{"start":{"line":268,"column":8},"end":{"line":268,"column":55}},"38":{"start":{"line":271,"column":8},"end":{"line":271,"column":65}},"39":{"start":{"line":283,"column":8},"end":{"line":283,"column":46}},"40":{"start":{"line":285,"column":8},"end":{"line":285,"column":54}},"41":{"start":{"line":300,"column":8},"end":{"line":300,"column":47}},"42":{"start":{"line":302,"column":8},"end":{"line":302,"column":58}},"43":{"start":{"line":317,"column":8},"end":{"line":317,"column":49}},"44":{"start":{"line":319,"column":8},"end":{"line":319,"column":57}},"45":{"start":{"line":334,"column":8},"end":{"line":334,"column":88}},"46":{"start":{"line":335,"column":8},"end":{"line":335,"column":72}},"47":{"start":{"line":337,"column":8},"end":{"line":337,"column":49}},"48":{"start":{"line":340,"column":8},"end":{"line":340,"column":88}},"49":{"start":{"line":356,"column":8},"end":{"line":356,"column":40}},"50":{"start":{"line":358,"column":8},"end":{"line":358,"column":48}},"51":{"start":{"line":368,"column":8},"end":{"line":368,"column":59}},"52":{"start":{"line":377,"column":8},"end":{"line":377,"column":62}},"53":{"start":{"line":379,"column":8},"end":{"line":379,"column":54}},"54":{"start":{"line":386,"column":8},"end":{"line":386,"column":60}},"55":{"start":{"line":405,"column":8},"end":{"line":405,"column":14682}},"56":{"start":{"line":406,"column":12},"end":{"line":406,"column":14722}},"57":{"start":{"line":407,"column":16},"end":{"line":407,"column":74}},"58":{"start":{"line":409,"column":16},"end":{"line":409,"column":14967}},"59":{"start":{"line":410,"column":20},"end":{"line":410,"column":79}},"60":{"start":{"line":419,"column":12},"end":{"line":419,"column":23}},"61":{"start":{"line":443,"column":8},"end":{"line":443,"column":16270}},"62":{"start":{"line":444,"column":12},"end":{"line":444,"column":16308}},"63":{"start":{"line":447,"column":12},"end":{"line":447,"column":16409}}},"branchMap":{"1":{"line":54,"type":"cond-expr","locations":[{"start":{"line":54,"column":12},"end":{"line":54,"column":51}},{"start":{"line":55,"column":12},"end":{"line":55,"column":59}}]},"2":{"line":54,"type":"cond-expr","locations":[{"start":{"line":54,"column":12},"end":{"line":55,"column":59}},{"start":{"line":56,"column":12},"end":{"line":56,"column":47}}]},"3":{"line":63,"type":"if","locations":[{"start":{"line":63,"column":8},"end":{"line":63,"column":8}},{"start":{"line":63,"column":8},"end":{"line":63,"column":8}}]},"4":{"line":72,"type":"if","locations":[{"start":{"line":72,"column":8},"end":{"line":72,"column":8}},{"start":{"line":72,"column":8},"end":{"line":72,"column":8}}]},"5":{"line":97,"type":"if","locations":[{"start":{"line":97,"column":43},"end":{"line":97,"column":95}},{"start":{"line":97,"column":99},"end":{"line":97,"column":100}}]},"6":{"line":114,"type":"if","locations":[{"start":{"line":114,"column":8},"end":{"line":114,"column":8}},{"start":{"line":114,"column":8},"end":{"line":114,"column":8}}]},"7":{"line":116,"type":"if","locations":[{"start":{"line":116,"column":8},"end":{"line":116,"column":8}},{"start":{"line":116,"column":8},"end":{"line":116,"column":8}}]},"8":{"line":117,"type":"cond-expr","locations":[{"start":{"line":117,"column":12},"end":{"line":117,"column":32}},{"start":{"line":117,"column":37},"end":{"line":117,"column":73}}]},"9":{"line":152,"type":"if","locations":[{"start":{"line":152,"column":8},"end":{"line":152,"column":8}},{"start":{"line":152,"column":8},"end":{"line":152,"column":8}}]},"10":{"line":168,"type":"if","locations":[{"start":{"line":168,"column":8},"end":{"line":168,"column":8}},{"start":{"line":168,"column":8},"end":{"line":168,"column":8}}]},"11":{"line":192,"type":"if","locations":[{"start":{"line":192,"column":8},"end":{"line":192,"column":8}},{"start":{"line":192,"column":8},"end":{"line":192,"column":8}}]},"12":{"line":223,"type":"cond-expr","locations":[{"start":{"line":223,"column":16},"end":{"line":223,"column":31}},{"start":{"line":223,"column":36},"end":{"line":223,"column":67}}]},"13":{"line":223,"type":"cond-expr","locations":[{"start":{"line":223,"column":16},"end":{"line":223,"column":67}},{"start":{"line":223,"column":72},"end":{"line":223,"column":102}}]},"14":{"line":246,"type":"if","locations":[{"start":{"line":246,"column":8},"end":{"line":246,"column":8}},{"start":{"line":246,"column":8},"end":{"line":246,"column":8}}]},"15":{"line":265,"type":"if","locations":[{"start":{"line":265,"column":8},"end":{"line":265,"column":8}},{"start":{"line":265,"column":8},"end":{"line":265,"column":8}}]},"16":{"line":266,"type":"if","locations":[{"start":{"line":266,"column":8},"end":{"line":266,"column":8}},{"start":{"line":266,"column":8},"end":{"line":266,"column":8}}]},"17":{"line":271,"type":"if","locations":[{"start":{"line":271,"column":8},"end":{"line":271,"column":8}},{"start":{"line":271,"column":8},"end":{"line":271,"column":8}}]},"18":{"line":334,"type":"if","locations":[{"start":{"line":334,"column":8},"end":{"line":334,"column":8}},{"start":{"line":334,"column":8},"end":{"line":334,"column":8}}]},"19":{"line":335,"type":"if","locations":[{"start":{"line":335,"column":8},"end":{"line":335,"column":8}},{"start":{"line":335,"column":8},"end":{"line":335,"column":8}}]},"20":{"line":340,"type":"if","locations":[{"start":{"line":340,"column":8},"end":{"line":340,"column":8}},{"start":{"line":340,"column":8},"end":{"line":340,"column":8}}]},"21":{"line":377,"type":"if","locations":[{"start":{"line":377,"column":8},"end":{"line":377,"column":8}},{"start":{"line":377,"column":8},"end":{"line":377,"column":8}}]},"22":{"line":386,"type":"if","locations":[{"start":{"line":386,"column":8},"end":{"line":386,"column":8}},{"start":{"line":386,"column":8},"end":{"line":386,"column":8}}]},"23":{"line":405,"type":"if","locations":[{"start":{"line":405,"column":8},"end":{"line":405,"column":8}},{"start":{"line":405,"column":8},"end":{"line":405,"column":8}}]},"24":{"line":409,"type":"if","locations":[{"start":{"line":409,"column":16},"end":{"line":409,"column":16}},{"start":{"line":409,"column":16},"end":{"line":409,"column":16}}]},"25":{"line":443,"type":"if","locations":[{"start":{"line":443,"column":8},"end":{"line":443,"column":8}},{"start":{"line":443,"column":8},"end":{"line":443,"column":8}}]},"26":{"line":444,"type":"if","locations":[{"start":{"line":444,"column":12},"end":{"line":444,"column":12}},{"start":{"line":444,"column":12},"end":{"line":444,"column":12}}]},"27":{"line":447,"type":"if","locations":[{"start":{"line":447,"column":12},"end":{"line":447,"column":12}},{"start":{"line":447,"column":12},"end":{"line":447,"column":12}}]}}},
"contracts/Openzeppelin/ERC721URIStorage.sol":{"l":{"21":0,"23":0,"24":0,"27":0,"28":0,"31":0,"32":0,"35":0,"46":78,"47":78,"56":0,"58":0,"59":0},"path":"/mnt/c/Users/Charles/Desktop/vrac/4th_project/backend/contracts/Openzeppelin/ERC721URIStorage.sol","s":{"1":0,"2":0,"3":0,"4":0,"5":0,"6":0,"7":0,"8":0,"9":78,"10":0,"11":0},"b":{"1":[0,0],"2":[0,0],"3":[78,0],"4":[0,0]},"f":{"1":0,"2":78,"3":0},"fnMap":{"1":{"name":"tokenURI","line":20,"loc":{"start":{"line":20,"column":4},"end":{"line":36,"column":4}}},"2":{"name":"_setTokenURI","line":45,"loc":{"start":{"line":45,"column":4},"end":{"line":48,"column":4}}},"3":{"name":"_burn","line":55,"loc":{"start":{"line":55,"column":4},"end":{"line":61,"column":4}}}},"statementMap":{"1":{"start":{"line":21,"column":8},"end":{"line":21,"column":30}},"2":{"start":{"line":23,"column":8},"end":{"line":23,"column":53}},"3":{"start":{"line":24,"column":8},"end":{"line":24,"column":39}},"4":{"start":{"line":27,"column":8},"end":{"line":27,"column":803}},"5":{"start":{"line":28,"column":12},"end":{"line":28,"column":28}},"6":{"start":{"line":31,"column":8},"end":{"line":31,"column":975}},"7":{"start":{"line":32,"column":12},"end":{"line":32,"column":60}},"8":{"start":{"line":35,"column":8},"end":{"line":35,"column":38}},"9":{"start":{"line":46,"column":8},"end":{"line":46,"column":82}},"10":{"start":{"line":56,"column":8},"end":{"line":56,"column":27}},"11":{"start":{"line":58,"column":8},"end":{"line":58,"column":1833}}},"branchMap":{"1":{"line":27,"type":"if","locations":[{"start":{"line":27,"column":8},"end":{"line":27,"column":8}},{"start":{"line":27,"column":8},"end":{"line":27,"column":8}}]},"2":{"line":31,"type":"if","locations":[{"start":{"line":31,"column":8},"end":{"line":31,"column":8}},{"start":{"line":31,"column":8},"end":{"line":31,"column":8}}]},"3":{"line":46,"type":"if","locations":[{"start":{"line":46,"column":8},"end":{"line":46,"column":8}},{"start":{"line":46,"column":8},"end":{"line":46,"column":8}}]},"4":{"line":58,"type":"if","locations":[{"start":{"line":58,"column":8},"end":{"line":58,"column":8}},{"start":{"line":58,"column":8},"end":{"line":58,"column":8}}]}}}}
