TN:
SF:/mnt/c/Users/Charles/Desktop/vrac/4th_project/backend/contracts/NftCollection.sol
FN:20,constructor
FN:26,mintItem
FN:36,changeNftOwner
FNF:3
FNH:3
FNDA:164,constructor
FNDA:81,mintItem
FNDA:35,changeNftOwner
DA:27,81
DA:28,78
DA:29,78
DA:30,78
DA:37,35
LF:5
LH:5
BRDA:27,1,0,78
BRDA:27,1,1,3
BRF:2
BRH:2
end_of_record
TN:
SF:/mnt/c/Users/Charles/Desktop/vrac/4th_project/backend/contracts/NftCollectionFactory.sol
FN:32,createNFTCollection
FN:58,getCreationBytecode
FNF:2
FNH:2
FNDA:84,createNFTCollection
FNDA:80,getCreationBytecode
DA:33,84
DA:34,81
DA:35,80
DA:36,80
DA:38,80
DA:44,80
DA:45,80
DA:46,80
DA:47,80
DA:48,80
DA:49,80
DA:50,80
DA:51,80
DA:59,80
DA:61,80
LF:15
LH:15
BRDA:33,1,0,81
BRDA:33,1,1,3
BRDA:34,2,0,80
BRDA:34,2,1,1
BRF:4
BRH:4
end_of_record
TN:
SF:/mnt/c/Users/Charles/Desktop/vrac/4th_project/backend/contracts/NftMarketplace.sol
FN:55,constructor
FN:63,createNFT
FN:89,listNFT
FN:110,cancelListing
FN:119,BuyNFT
FNF:5
FNH:5
FNDA:84,constructor
FNDA:83,createNFT
FNDA:39,listNFT
FNDA:6,cancelListing
FNDA:8,BuyNFT
DA:64,83
DA:65,80
DA:66,80
DA:67,78
DA:68,78
DA:78,78
DA:90,39
DA:91,38
DA:92,37
DA:93,36
DA:94,36
DA:95,35
DA:97,35
DA:98,35
DA:99,35
DA:111,6
DA:112,4
DA:113,2
DA:114,2
DA:120,8
DA:121,7
DA:122,5
DA:123,3
DA:124,2
DA:125,2
DA:126,2
DA:127,2
DA:128,2
DA:129,2
DA:130,2
LF:30
LH:30
BRDA:63,1,0,83
BRDA:63,1,1,0
BRDA:64,2,0,80
BRDA:64,2,1,3
BRDA:89,3,0,39
BRDA:89,3,1,0
BRDA:90,4,0,38
BRDA:90,4,1,1
BRDA:91,5,0,37
BRDA:91,5,1,1
BRDA:92,6,0,36
BRDA:92,6,1,1
BRDA:94,7,0,35
BRDA:94,7,1,1
BRDA:110,8,0,6
BRDA:110,8,1,0
BRDA:111,9,0,4
BRDA:111,9,1,2
BRDA:112,10,0,2
BRDA:112,10,1,2
BRDA:119,11,0,8
BRDA:119,11,1,0
BRDA:120,12,0,7
BRDA:120,12,1,1
BRDA:121,13,0,5
BRDA:121,13,1,2
BRDA:122,14,0,3
BRDA:122,14,1,2
BRDA:123,15,0,2
BRDA:123,15,1,1
BRF:30
BRH:26
end_of_record
TN:
SF:/mnt/c/Users/Charles/Desktop/vrac/4th_project/backend/contracts/Openzeppelin/ERC721.sol
FN:44,constructor
FN:52,supportsInterface
FN:62,balanceOf
FN:70,ownerOf
FN:79,name
FN:86,symbol
FN:93,tokenURI
FN:105,_baseURI
FN:112,approve
FN:127,getApproved
FN:136,setApprovalForAll
FN:143,isApprovedForAll
FN:150,transferFrom
FN:160,safeTransferFrom
FN:167,safeTransferFrom
FN:190,_safeTransfer
FN:198,_ownerOf
FN:210,_exists
FN:221,_isApprovedOrOwner
FN:236,_safeMint
FN:244,_safeMint
FN:264,_mint
FN:299,_burn
FN:333,_transfer
FN:366,_approve
FN:376,_setApprovalForAll
FN:385,_requireMinted
FN:399,_checkOnERC721Received
FN:437,_beforeTokenTransfer
FN:467,_afterTokenTransfer
FNF:30
FNH:14
FNDA:164,constructor
FNDA:0,supportsInterface
FNDA:1,balanceOf
FNDA:111,ownerOf
FNDA:0,name
FNDA:0,symbol
FNDA:0,tokenURI
FNDA:0,_baseURI
FNDA:0,approve
FNDA:0,getApproved
FNDA:0,setApprovalForAll
FNDA:0,isApprovedForAll
FNDA:0,transferFrom
FNDA:2,safeTransferFrom
FNDA:2,safeTransferFrom
FNDA:2,_safeTransfer
FNDA:345,_ownerOf
FNDA:234,_exists
FNDA:2,_isApprovedOrOwner
FNDA:0,_safeMint
FNDA:0,_safeMint
FNDA:78,_mint
FNDA:0,_burn
FNDA:37,_transfer
FNDA:0,_approve
FNDA:0,_setApprovalForAll
FNDA:0,_requireMinted
FNDA:2,_checkOnERC721Received
FNDA:114,_beforeTokenTransfer
FNDA:114,_afterTokenTransfer
DA:45,164
DA:46,164
DA:53,0
DA:63,1
DA:64,1
DA:71,111
DA:72,111
DA:73,111
DA:80,0
DA:87,0
DA:94,0
DA:96,0
DA:97,0
DA:106,0
DA:113,0
DA:114,0
DA:116,0
DA:121,0
DA:128,0
DA:130,0
DA:137,0
DA:144,0
DA:152,0
DA:154,0
DA:161,2
DA:168,2
DA:169,2
DA:191,2
DA:192,2
DA:199,345
DA:211,234
DA:222,2
DA:223,2
DA:237,0
DA:245,0
DA:246,0
DA:265,78
DA:266,78
DA:268,78
DA:271,78
DA:273,78
DA:278,78
DA:281,78
DA:283,78
DA:285,78
DA:300,0
DA:302,0
DA:305,0
DA:308,0
DA:310,0
DA:313,0
DA:315,0
DA:317,0
DA:319,0
DA:334,37
DA:335,36
DA:337,36
DA:340,36
DA:343,36
DA:345,36
DA:351,36
DA:352,36
DA:354,36
DA:356,36
DA:358,36
DA:367,0
DA:368,0
DA:377,0
DA:378,0
DA:379,0
DA:386,0
DA:405,2
DA:406,0
DA:407,0
DA:409,0
DA:410,0
DA:413,0
DA:419,2
DA:443,114
DA:444,0
DA:445,0
DA:447,0
DA:448,0
LF:83
LH:39
BRDA:54,1,0,0
BRDA:54,1,1,0
BRDA:54,2,0,0
BRDA:54,2,1,0
BRDA:63,3,0,1
BRDA:63,3,1,0
BRDA:72,4,0,111
BRDA:72,4,1,0
BRDA:97,5,0,0
BRDA:97,5,1,0
BRDA:114,6,0,0
BRDA:114,6,1,0
BRDA:116,7,0,0
BRDA:116,7,1,0
BRDA:117,8,0,0
BRDA:117,8,1,0
BRDA:152,9,0,0
BRDA:152,9,1,0
BRDA:168,10,0,2
BRDA:168,10,1,0
BRDA:192,11,0,2
BRDA:192,11,1,0
BRDA:223,12,0,2
BRDA:223,12,1,0
BRDA:223,13,0,0
BRDA:223,13,1,0
BRDA:246,14,0,0
BRDA:246,14,1,0
BRDA:265,15,0,78
BRDA:265,15,1,0
BRDA:266,16,0,78
BRDA:266,16,1,0
BRDA:271,17,0,78
BRDA:271,17,1,0
BRDA:334,18,0,36
BRDA:334,18,1,1
BRDA:335,19,0,36
BRDA:335,19,1,0
BRDA:340,20,0,36
BRDA:340,20,1,0
BRDA:377,21,0,0
BRDA:377,21,1,0
BRDA:386,22,0,0
BRDA:386,22,1,0
BRDA:405,23,0,0
BRDA:405,23,1,2
BRDA:409,24,0,0
BRDA:409,24,1,0
BRDA:443,25,0,0
BRDA:443,25,1,114
BRDA:444,26,0,0
BRDA:444,26,1,0
BRDA:447,27,0,0
BRDA:447,27,1,0
BRF:54
BRH:14
end_of_record
TN:
SF:/mnt/c/Users/Charles/Desktop/vrac/4th_project/backend/contracts/Openzeppelin/ERC721URIStorage.sol
FN:20,tokenURI
FN:45,_setTokenURI
FN:55,_burn
FNF:3
FNH:1
FNDA:0,tokenURI
FNDA:78,_setTokenURI
FNDA:0,_burn
DA:21,0
DA:23,0
DA:24,0
DA:27,0
DA:28,0
DA:31,0
DA:32,0
DA:35,0
DA:46,78
DA:47,78
DA:56,0
DA:58,0
DA:59,0
LF:13
LH:2
BRDA:27,1,0,0
BRDA:27,1,1,0
BRDA:31,2,0,0
BRDA:31,2,1,0
BRDA:46,3,0,78
BRDA:46,3,1,0
BRDA:58,4,0,0
BRDA:58,4,1,0
BRF:8
BRH:1
end_of_record
